This is pdfTeX, Version 3.141592653-2.6-1.40.24 (TeX Live 2022/Arch Linux) (preloaded format=pdflatex 2023.3.19)  27 MAR 2023 22:54
entering extended mode
 restricted \write18 enabled.
 %&-line parsing enabled.
**notes.tex
(./notes.tex
LaTeX2e <2021-11-15> patch level 1
L3 programming layer <2022-04-10>

! LaTeX Error: Missing \begin{document}.

See the LaTeX manual or LaTeX Companion for explanation.
Type  H <return>  for immediate help.
 ...                                              
                                                  
l.1 P
     lanck’s constant, h = 6.626 x 10^{-34} [Js]
You're in trouble here.  Try typing  <return>  to proceed.
If that doesn't work, type  X <return>  to quit.

Missing character: There is no P in font nullfont!
Missing character: There is no l in font nullfont!
Missing character: There is no a in font nullfont!
Missing character: There is no n in font nullfont!
Missing character: There is no c in font nullfont!
Missing character: There is no k in font nullfont!
Missing character: There is no s in font nullfont!
Missing character: There is no c in font nullfont!
Missing character: There is no o in font nullfont!
Missing character: There is no n in font nullfont!
Missing character: There is no s in font nullfont!
Missing character: There is no t in font nullfont!
Missing character: There is no a in font nullfont!
Missing character: There is no n in font nullfont!
Missing character: There is no t in font nullfont!
Missing character: There is no , in font nullfont!
Missing character: There is no h in font nullfont!
Missing character: There is no = in font nullfont!
Missing character: There is no 6 in font nullfont!
Missing character: There is no . in font nullfont!
Missing character: There is no 6 in font nullfont!
Missing character: There is no 2 in font nullfont!
Missing character: There is no 6 in font nullfont!
Missing character: There is no x in font nullfont!
Missing character: There is no 1 in font nullfont!
Missing character: There is no 0 in font nullfont!
! Missing $ inserted.
<inserted text> 
                $
l.1 Planck’s constant, h = 6.626 x 10^
                                        {-34} [Js]
I've inserted a begin-math/end-math symbol since I think
you left one out. Proceed, with fingers crossed.

LaTeX Font Info:    External font `cmex10' loaded for size
(Font)              <7> on input line 1.
LaTeX Font Info:    External font `cmex10' loaded for size
(Font)              <5> on input line 1.
Missing character: There is no m in font nullfont!
! Missing $ inserted.
<inserted text> 
                $
l.5 Free electron mass, $m_
                           0 = 9.11 x 10^{-31} [kg]$
I've inserted a begin-math/end-math symbol since I think
you left one out. Proceed, with fingers crossed.

Missing character: There is no E in font nullfont!
Missing character: There is no l in font nullfont!
Missing character: There is no e in font nullfont!
Missing character: There is no m in font nullfont!
Missing character: There is no e in font nullfont!
Missing character: There is no n in font nullfont!
Missing character: There is no t in font nullfont!
Missing character: There is no a in font nullfont!
Missing character: There is no r in font nullfont!
Missing character: There is no y in font nullfont!
Missing character: There is no c in font nullfont!
Missing character: There is no h in font nullfont!
Missing character: There is no a in font nullfont!
Missing character: There is no r in font nullfont!
Missing character: There is no g in font nullfont!
Missing character: There is no e in font nullfont!
Missing character: There is no , in font nullfont!
Missing character: There is no b in font nullfont!
Missing character: There is no o in font nullfont!
Missing character: There is no l in font nullfont!
Missing character: There is no t in font nullfont!
Missing character: There is no z in font nullfont!
Missing character: There is no m in font nullfont!
Missing character: There is no a in font nullfont!
Missing character: There is no n in font nullfont!
Missing character: There is no n in font nullfont!
Missing character: There is no c in font nullfont!
Missing character: There is no o in font nullfont!
Missing character: There is no n in font nullfont!
Missing character: There is no s in font nullfont!
Missing character: There is no t in font nullfont!
Missing character: There is no a in font nullfont!
Missing character: There is no n in font nullfont!
Missing character: There is no t in font nullfont!
Missing character: There is no , in font nullfont!
Missing character: There is no V in font nullfont!
Missing character: There is no a in font nullfont!
Missing character: There is no c in font nullfont!
Missing character: There is no u in font nullfont!
Missing character: There is no u in font nullfont!
Missing character: There is no m in font nullfont!
Missing character: There is no p in font nullfont!
Missing character: There is no e in font nullfont!
Missing character: There is no r in font nullfont!
Missing character: There is no m in font nullfont!
Missing character: There is no i in font nullfont!
Missing character: There is no t in font nullfont!
Missing character: There is no t in font nullfont!
Missing character: There is no i in font nullfont!
Missing character: There is no v in font nullfont!
Missing character: There is no i in font nullfont!
Missing character: There is no t in font nullfont!
Missing character: There is no y in font nullfont!
Missing character: There is no , in font nullfont!
Missing character: There is no S in font nullfont!
Missing character: There is no p in font nullfont!
Missing character: There is no e in font nullfont!
Missing character: There is no e in font nullfont!
Missing character: There is no d in font nullfont!
Missing character: There is no o in font nullfont!
Missing character: There is no f in font nullfont!
Missing character: There is no l in font nullfont!
Missing character: There is no i in font nullfont!
Missing character: There is no g in font nullfont!
Missing character: There is no h in font nullfont!
Missing character: There is no t in font nullfont!
Missing character: There is no , in font nullfont!

Overfull \hbox (22.77779pt too wide) in paragraph at lines 1--10
[]\OT1/cmr/m/n/10 '
 []


Overfull \hbox (47.78938pt too wide) in paragraph at lines 1--10
[]\OT1/cmr/m/n/10 [\OML/cmm/m/it/10 Js\OT1/cmr/m/n/10 ]$$[] =
 []


Overfull \hbox (169.21797pt too wide) in paragraph at lines 1--10
\OT1/cmr/m/n/10 1\OML/cmm/m/it/10 :\OT1/cmr/m/n/10 055\OML/cmm/m/it/10 x\OT1/cm
r/m/n/10 10[][\OML/cmm/m/it/10 Js\OT1/cmr/m/n/10 ]$$\OML/cmm/m/it/10 Freeelectr
onmass;$$[] \OT1/cmr/m/n/10 =
 []


Overfull \hbox (64.42029pt too wide) in paragraph at lines 1--10
\OT1/cmr/m/n/10 9\OML/cmm/m/it/10 :\OT1/cmr/m/n/10 11\OML/cmm/m/it/10 x\OT1/cmr
/m/n/10 10[][\OML/cmm/m/it/10 kg\OT1/cmr/m/n/10 ]$
 []


Overfull \hbox (15.37842pt too wide) in paragraph at lines 1--10
\OML/cmm/m/it/10 q \OT1/cmr/m/n/10 =
 []


Overfull \hbox (66.63348pt too wide) in paragraph at lines 1--10
\OT1/cmr/m/n/10 1\OML/cmm/m/it/10 :\OT1/cmr/m/n/10 602\OML/cmm/m/it/10 x\OT1/cm
r/m/n/10 10[][\OML/cmm/m/it/10 C\OT1/cmr/m/n/10 ]$
 []


Overfull \hbox (19.77821pt too wide) in paragraph at lines 1--10
\OML/cmm/m/it/10 k[] \OT1/cmr/m/n/10 =
 []


Overfull \hbox (78.93073pt too wide) in paragraph at lines 1--10
\OT1/cmr/m/n/10 1\OML/cmm/m/it/10 :\OT1/cmr/m/n/10 381\OML/cmm/m/it/10 x\OT1/cm
r/m/n/10 10[][\OML/cmm/m/it/10 J=K\OT1/cmr/m/n/10 ]$
 []


Overfull \hbox (19.10068pt too wide) in paragraph at lines 1--10
\OML/cmm/m/it/10 ^^O[] \OT1/cmr/m/n/10 =
 []


Overfull \hbox (79.81505pt too wide) in paragraph at lines 1--10
\OT1/cmr/m/n/10 8\OML/cmm/m/it/10 :\OT1/cmr/m/n/10 854\OML/cmm/m/it/10 x\OT1/cm
r/m/n/10 10[][\OML/cmm/m/it/10 F=m\OT1/cmr/m/n/10 ]$
 []


Overfull \hbox (14.88307pt too wide) in paragraph at lines 1--10
\OML/cmm/m/it/10 c \OT1/cmr/m/n/10 =
 []


Overfull \hbox (49.22467pt too wide) in paragraph at lines 1--10
\OT1/cmr/m/n/10 3\OML/cmm/m/it/10 x\OT1/cmr/m/n/10 10[][\OML/cmm/m/it/10 m=s\OT
1/cmr/m/n/10 ]$ 
 []

! Undefined control sequence.
l.11 \section
             {Pendulum:}
The control sequence at the end of the top line
of your error message was never \def'ed. If you have
misspelled it (e.g., `\hobx'), type `I' and the correct
spelling (e.g., `I\hbox'). Otherwise just continue,
and I'll forget about whatever was undefined.


! LaTeX Error: Missing \begin{document}.

See the LaTeX manual or LaTeX Companion for explanation.
Type  H <return>  for immediate help.
 ...                                              
                                                  
l.11 \section{P
               endulum:}
You're in trouble here.  Try typing  <return>  to proceed.
If that doesn't work, type  X <return>  to quit.

Missing character: There is no P in font nullfont!
Missing character: There is no e in font nullfont!
Missing character: There is no n in font nullfont!
Missing character: There is no d in font nullfont!
Missing character: There is no u in font nullfont!
Missing character: There is no l in font nullfont!
Missing character: There is no u in font nullfont!
Missing character: There is no m in font nullfont!
Missing character: There is no : in font nullfont!

Overfull \hbox (20.0pt too wide) in paragraph at lines 11--12
[] 
 []


Overfull \hbox (81.23781pt too wide) detected at line 12
\OT1/cmr/m/n/10 ^^A\OML/cmm/m/it/10 E \OT1/cmr/m/n/10 = \OML/cmm/m/it/10 h^^W \
OT1/cmr/m/n/10 = [][]
 []


Overfull \hbox (48.26102pt too wide) detected at line 13
\OML/cmm/m/it/10 E \OT1/cmr/m/n/10 = []\OML/cmm/m/it/10 k\OT1/cmr/m/n/10 ^^A\OM
L/cmm/m/it/10 x
 []

)
! Emergency stop.
<*> notes.tex
             
*** (job aborted, no legal \end found)

 
Here is how much of TeX's memory you used:
 20 strings out of 478238
 433 string characters out of 5850456
 290994 words of memory out of 5000000
 18359 multiletter control sequences out of 15000+600000
 469259 words of font info for 28 fonts, out of 8000000 for 9000
 1141 hyphenation exceptions out of 8191
 18i,2n,13p,88b,56s stack positions out of 5000i,500n,10000p,200000b,80000s
!  ==> Fatal error occurred, no output PDF file produced!
